This file contains any messages produced by compilers while
running configure, to aid debugging if configure makes a mistake.

It was created by ddosim configure 0.2, which was
generated by GNU Autoconf 2.61.  Invocation command line was

  $ ./configure 

## --------- ##
## Platform. ##
## --------- ##

hostname = hlkali
uname -m = x86_64
uname -r = 4.19.0-kali1-amd64
uname -s = Linux
uname -v = #1 SMP Debian 4.19.13-1kali1 (2019-01-03)

/usr/bin/uname -p = unknown
/bin/uname -X     = unknown

/bin/arch              = x86_64
/usr/bin/arch -k       = unknown
/usr/convex/getsysinfo = unknown
/usr/bin/hostinfo      = unknown
/bin/machine           = unknown
/usr/bin/oslevel       = unknown
/bin/universe          = unknown

PATH: /usr/local/sbin
PATH: /usr/local/bin
PATH: /usr/sbin
PATH: /usr/bin
PATH: /sbin
PATH: /bin


## ----------- ##
## Core tests. ##
## ----------- ##

configure:1787: checking for a BSD-compatible install
configure:1843: result: /usr/bin/install -c
configure:1854: checking whether build environment is sane
configure:1897: result: yes
configure:1925: checking for a thread-safe mkdir -p
configure:1964: result: /usr/bin/mkdir -p
configure:1977: checking for gawk
configure:1993: found /usr/bin/gawk
configure:2004: result: gawk
configure:2015: checking whether make sets $(MAKE)
configure:2036: result: yes
configure:2288: checking for g++
configure:2304: found /usr/bin/g++
configure:2315: result: g++
configure:2346: checking for C++ compiler version
configure:2353: g++ --version >&5
g++ (Debian 8.2.0-13) 8.2.0
Copyright (C) 2018 Free Software Foundation, Inc.
This is free software; see the source for copying conditions.  There is NO
warranty; not even for MERCHANTABILITY or FITNESS FOR A PARTICULAR PURPOSE.

configure:2356: $? = 0
configure:2363: g++ -v >&5
Using built-in specs.
COLLECT_GCC=g++
COLLECT_LTO_WRAPPER=/usr/lib/gcc/x86_64-linux-gnu/8/lto-wrapper
OFFLOAD_TARGET_NAMES=nvptx-none
OFFLOAD_TARGET_DEFAULT=1
Target: x86_64-linux-gnu
Configured with: ../src/configure -v --with-pkgversion='Debian 8.2.0-13' --with-bugurl=file:///usr/share/doc/gcc-8/README.Bugs --enable-languages=c,ada,c++,go,brig,d,fortran,objc,obj-c++ --prefix=/usr --with-gcc-major-version-only --program-suffix=-8 --program-prefix=x86_64-linux-gnu- --enable-shared --enable-linker-build-id --libexecdir=/usr/lib --without-included-gettext --enable-threads=posix --libdir=/usr/lib --enable-nls --enable-clocale=gnu --enable-libstdcxx-debug --enable-libstdcxx-time=yes --with-default-libstdcxx-abi=new --enable-gnu-unique-object --disable-vtable-verify --enable-libmpx --enable-plugin --enable-default-pie --with-system-zlib --with-target-system-zlib --enable-objc-gc=auto --enable-multiarch --disable-werror --with-arch-32=i686 --with-abi=m64 --with-multilib-list=m32,m64,mx32 --enable-multilib --with-tune=generic --enable-offload-targets=nvptx-none --without-cuda-driver --enable-checking=release --build=x86_64-linux-gnu --host=x86_64-linux-gnu --target=x86_64-linux-gnu
Thread model: posix
gcc version 8.2.0 (Debian 8.2.0-13) 
configure:2366: $? = 0
configure:2373: g++ -V >&5
g++: error: unrecognized command line option '-V'
g++: fatal error: no input files
compilation terminated.
configure:2376: $? = 1
configure:2399: checking for C++ compiler default output file name
configure:2426: g++    conftest.cpp  >&5
configure:2429: $? = 0
configure:2467: result: a.out
configure:2484: checking whether the C++ compiler works
configure:2494: ./a.out
configure:2497: $? = 0
configure:2514: result: yes
configure:2521: checking whether we are cross compiling
configure:2523: result: no
configure:2526: checking for suffix of executables
configure:2533: g++ -o conftest    conftest.cpp  >&5
configure:2536: $? = 0
configure:2560: result: 
configure:2566: checking for suffix of object files
configure:2592: g++ -c   conftest.cpp >&5
configure:2595: $? = 0
configure:2618: result: o
configure:2622: checking whether we are using the GNU C++ compiler
configure:2651: g++ -c   conftest.cpp >&5
configure:2657: $? = 0
configure:2674: result: yes
configure:2679: checking whether g++ accepts -g
configure:2709: g++ -c -g  conftest.cpp >&5
configure:2715: $? = 0
configure:2814: result: yes
configure:2848: checking for style of include used by make
configure:2876: result: GNU
configure:2901: checking dependency style of g++
configure:2992: result: gcc3
configure:3055: checking for gcc
configure:3071: found /usr/bin/gcc
configure:3082: result: gcc
configure:3320: checking for C compiler version
configure:3327: gcc --version >&5
gcc (Debian 8.2.0-13) 8.2.0
Copyright (C) 2018 Free Software Foundation, Inc.
This is free software; see the source for copying conditions.  There is NO
warranty; not even for MERCHANTABILITY or FITNESS FOR A PARTICULAR PURPOSE.

configure:3330: $? = 0
configure:3337: gcc -v >&5
Using built-in specs.
COLLECT_GCC=gcc
COLLECT_LTO_WRAPPER=/usr/lib/gcc/x86_64-linux-gnu/8/lto-wrapper
OFFLOAD_TARGET_NAMES=nvptx-none
OFFLOAD_TARGET_DEFAULT=1
Target: x86_64-linux-gnu
Configured with: ../src/configure -v --with-pkgversion='Debian 8.2.0-13' --with-bugurl=file:///usr/share/doc/gcc-8/README.Bugs --enable-languages=c,ada,c++,go,brig,d,fortran,objc,obj-c++ --prefix=/usr --with-gcc-major-version-only --program-suffix=-8 --program-prefix=x86_64-linux-gnu- --enable-shared --enable-linker-build-id --libexecdir=/usr/lib --without-included-gettext --enable-threads=posix --libdir=/usr/lib --enable-nls --enable-clocale=gnu --enable-libstdcxx-debug --enable-libstdcxx-time=yes --with-default-libstdcxx-abi=new --enable-gnu-unique-object --disable-vtable-verify --enable-libmpx --enable-plugin --enable-default-pie --with-system-zlib --with-target-system-zlib --enable-objc-gc=auto --enable-multiarch --disable-werror --with-arch-32=i686 --with-abi=m64 --with-multilib-list=m32,m64,mx32 --enable-multilib --with-tune=generic --enable-offload-targets=nvptx-none --without-cuda-driver --enable-checking=release --build=x86_64-linux-gnu --host=x86_64-linux-gnu --target=x86_64-linux-gnu
Thread model: posix
gcc version 8.2.0 (Debian 8.2.0-13) 
configure:3340: $? = 0
configure:3347: gcc -V >&5
gcc: error: unrecognized command line option '-V'
gcc: fatal error: no input files
compilation terminated.
configure:3350: $? = 1
configure:3353: checking whether we are using the GNU C compiler
configure:3382: gcc -c   conftest.c >&5
configure:3388: $? = 0
configure:3405: result: yes
configure:3410: checking whether gcc accepts -g
configure:3440: gcc -c -g  conftest.c >&5
configure:3446: $? = 0
configure:3545: result: yes
configure:3562: checking for gcc option to accept ISO C89
configure:3636: gcc  -c -g -O2  conftest.c >&5
configure:3642: $? = 0
configure:3665: result: none needed
configure:3685: checking dependency style of gcc
configure:3776: result: gcc3
configure:3795: checking for pcap_open_live in -lpcap
configure:3830: gcc -o conftest -g -O2   conftest.c -lpcap   >&5
configure:3836: $? = 0
configure:3854: result: yes
configure:3870: checking for pthread_mutex_lock in -lpthread
configure:3905: gcc -o conftest -g -O2   conftest.c -lpthread  -lpcap  >&5
configure:3911: $? = 0
configure:3929: result: yes
configure:3945: checking for libnet_init_packet in -lnet
configure:3980: gcc -o conftest -g -O2   conftest.c -lnet  -lpthread -lpcap  >&5
configure:3986: $? = 0
configure:4004: result: yes
configure:4026: checking how to run the C preprocessor
configure:4066: gcc -E  conftest.c
configure:4072: $? = 0
configure:4103: gcc -E  conftest.c
conftest.c:13:10: fatal error: ac_nonexistent.h: No such file or directory
 #include <ac_nonexistent.h>
          ^~~~~~~~~~~~~~~~~~
compilation terminated.
configure:4109: $? = 1
configure: failed program was:
| /* confdefs.h.  */
| #define PACKAGE_NAME "ddosim"
| #define PACKAGE_TARNAME "ddosim"
| #define PACKAGE_VERSION "0.2"
| #define PACKAGE_STRING "ddosim 0.2"
| #define PACKAGE_BUGREPORT "adif2k8@gmail.com"
| #define PACKAGE "ddosim"
| #define VERSION "0.2"
| #define HAVE_LIBPCAP 1
| #define HAVE_LIBPTHREAD 1
| #define HAVE_LIBNET 1
| /* end confdefs.h.  */
| #include <ac_nonexistent.h>
configure:4142: result: gcc -E
configure:4171: gcc -E  conftest.c
configure:4177: $? = 0
configure:4208: gcc -E  conftest.c
conftest.c:13:10: fatal error: ac_nonexistent.h: No such file or directory
 #include <ac_nonexistent.h>
          ^~~~~~~~~~~~~~~~~~
compilation terminated.
configure:4214: $? = 1
configure: failed program was:
| /* confdefs.h.  */
| #define PACKAGE_NAME "ddosim"
| #define PACKAGE_TARNAME "ddosim"
| #define PACKAGE_VERSION "0.2"
| #define PACKAGE_STRING "ddosim 0.2"
| #define PACKAGE_BUGREPORT "adif2k8@gmail.com"
| #define PACKAGE "ddosim"
| #define VERSION "0.2"
| #define HAVE_LIBPCAP 1
| #define HAVE_LIBPTHREAD 1
| #define HAVE_LIBNET 1
| /* end confdefs.h.  */
| #include <ac_nonexistent.h>
configure:4252: checking for grep that handles long lines and -e
configure:4326: result: /usr/bin/grep
configure:4331: checking for egrep
configure:4409: result: /usr/bin/grep -E
configure:4414: checking for ANSI C header files
configure:4444: gcc -c -g -O2  conftest.c >&5
configure:4450: $? = 0
configure:4549: gcc -o conftest -g -O2   conftest.c -lnet -lpthread -lpcap  >&5
configure:4552: $? = 0
configure:4558: ./conftest
configure:4561: $? = 0
configure:4578: result: yes
configure:4602: checking for sys/types.h
configure:4623: gcc -c -g -O2  conftest.c >&5
configure:4629: $? = 0
configure:4645: result: yes
configure:4602: checking for sys/stat.h
configure:4623: gcc -c -g -O2  conftest.c >&5
configure:4629: $? = 0
configure:4645: result: yes
configure:4602: checking for stdlib.h
configure:4623: gcc -c -g -O2  conftest.c >&5
configure:4629: $? = 0
configure:4645: result: yes
configure:4602: checking for string.h
configure:4623: gcc -c -g -O2  conftest.c >&5
configure:4629: $? = 0
configure:4645: result: yes
configure:4602: checking for memory.h
configure:4623: gcc -c -g -O2  conftest.c >&5
configure:4629: $? = 0
configure:4645: result: yes
configure:4602: checking for strings.h
configure:4623: gcc -c -g -O2  conftest.c >&5
configure:4629: $? = 0
configure:4645: result: yes
configure:4602: checking for inttypes.h
configure:4623: gcc -c -g -O2  conftest.c >&5
configure:4629: $? = 0
configure:4645: result: yes
configure:4602: checking for stdint.h
configure:4623: gcc -c -g -O2  conftest.c >&5
configure:4629: $? = 0
configure:4645: result: yes
configure:4602: checking for unistd.h
configure:4623: gcc -c -g -O2  conftest.c >&5
configure:4629: $? = 0
configure:4645: result: yes
configure:4673: checking arpa/inet.h usability
configure:4690: gcc -c -g -O2  conftest.c >&5
configure:4696: $? = 0
configure:4710: result: yes
configure:4714: checking arpa/inet.h presence
configure:4729: gcc -E  conftest.c
configure:4735: $? = 0
configure:4749: result: yes
configure:4782: checking for arpa/inet.h
configure:4790: result: yes
configure:4663: checking for string.h
configure:4669: result: yes
configure:4805: checking for stdbool.h that conforms to C99
configure:4898: gcc -c -g -O2  conftest.c >&5
configure:4904: $? = 0
configure:4919: result: yes
configure:4921: checking for _Bool
configure:4951: gcc -c -g -O2  conftest.c >&5
configure:4957: $? = 0
configure:4972: result: yes
configure:4991: checking for an ANSI C-conforming const
configure:5066: gcc -c -g -O2  conftest.c >&5
configure:5072: $? = 0
configure:5087: result: yes
configure:5106: checking for gethostbyname
configure:5162: gcc -o conftest -g -O2   conftest.c -lnet -lpthread -lpcap  >&5
configure:5168: $? = 0
configure:5186: result: yes
configure:5106: checking for inet_ntoa
configure:5162: gcc -o conftest -g -O2   conftest.c -lnet -lpthread -lpcap  >&5
configure:5168: $? = 0
configure:5186: result: yes
configure:5106: checking for memset
configure:5162: gcc -o conftest -g -O2   conftest.c -lnet -lpthread -lpcap  >&5
conftest.c:52:6: warning: conflicting types for built-in function 'memset' [-Wbuiltin-declaration-mismatch]
 char memset ();
      ^~~~~~
configure:5168: $? = 0
configure:5186: result: yes
configure:5106: checking for strerror
configure:5162: gcc -o conftest -g -O2   conftest.c -lnet -lpthread -lpcap  >&5
configure:5168: $? = 0
configure:5186: result: yes
configure:5348: creating ./config.status

## ---------------------- ##
## Running config.status. ##
## ---------------------- ##

This file was extended by ddosim config.status 0.2, which was
generated by GNU Autoconf 2.61.  Invocation command line was

  CONFIG_FILES    = 
  CONFIG_HEADERS  = 
  CONFIG_LINKS    = 
  CONFIG_COMMANDS = 
  $ ./config.status 

on hlkali

config.status:624: creating Makefile
config.status:815: executing depfiles commands

## ---------------- ##
## Cache variables. ##
## ---------------- ##

ac_cv_c_compiler_gnu=yes
ac_cv_c_const=yes
ac_cv_cxx_compiler_gnu=yes
ac_cv_env_CCC_set=
ac_cv_env_CCC_value=
ac_cv_env_CC_set=
ac_cv_env_CC_value=
ac_cv_env_CFLAGS_set=
ac_cv_env_CFLAGS_value=
ac_cv_env_CPPFLAGS_set=
ac_cv_env_CPPFLAGS_value=
ac_cv_env_CPP_set=
ac_cv_env_CPP_value=
ac_cv_env_CXXFLAGS_set=
ac_cv_env_CXXFLAGS_value=
ac_cv_env_CXX_set=
ac_cv_env_CXX_value=
ac_cv_env_LDFLAGS_set=
ac_cv_env_LDFLAGS_value=
ac_cv_env_LIBS_set=
ac_cv_env_LIBS_value=
ac_cv_env_build_alias_set=
ac_cv_env_build_alias_value=
ac_cv_env_host_alias_set=
ac_cv_env_host_alias_value=
ac_cv_env_target_alias_set=
ac_cv_env_target_alias_value=
ac_cv_func_gethostbyname=yes
ac_cv_func_inet_ntoa=yes
ac_cv_func_memset=yes
ac_cv_func_strerror=yes
ac_cv_header_arpa_inet_h=yes
ac_cv_header_inttypes_h=yes
ac_cv_header_memory_h=yes
ac_cv_header_stdbool_h=yes
ac_cv_header_stdc=yes
ac_cv_header_stdint_h=yes
ac_cv_header_stdlib_h=yes
ac_cv_header_string_h=yes
ac_cv_header_strings_h=yes
ac_cv_header_sys_stat_h=yes
ac_cv_header_sys_types_h=yes
ac_cv_header_unistd_h=yes
ac_cv_lib_net_libnet_init_packet=yes
ac_cv_lib_pcap_pcap_open_live=yes
ac_cv_lib_pthread_pthread_mutex_lock=yes
ac_cv_objext=o
ac_cv_path_EGREP='/usr/bin/grep -E'
ac_cv_path_GREP=/usr/bin/grep
ac_cv_path_install='/usr/bin/install -c'
ac_cv_path_mkdir=/usr/bin/mkdir
ac_cv_prog_AWK=gawk
ac_cv_prog_CPP='gcc -E'
ac_cv_prog_ac_ct_CC=gcc
ac_cv_prog_ac_ct_CXX=g++
ac_cv_prog_cc_c89=
ac_cv_prog_cc_g=yes
ac_cv_prog_cxx_g=yes
ac_cv_prog_make_make_set=yes
ac_cv_type__Bool=yes
am_cv_CC_dependencies_compiler_type=gcc3
am_cv_CXX_dependencies_compiler_type=gcc3

## ----------------- ##
## Output variables. ##
## ----------------- ##

ACLOCAL='${SHELL} /media/root/OSINT/ddosim-0.2/missing --run aclocal-1.10'
AMDEPBACKSLASH='\'
AMDEP_FALSE='#'
AMDEP_TRUE=''
AMTAR='${SHELL} /media/root/OSINT/ddosim-0.2/missing --run tar'
AUTOCONF='${SHELL} /media/root/OSINT/ddosim-0.2/missing --run autoconf'
AUTOHEADER='${SHELL} /media/root/OSINT/ddosim-0.2/missing --run autoheader'
AUTOMAKE='${SHELL} /media/root/OSINT/ddosim-0.2/missing --run automake-1.10'
AWK='gawk'
CC='gcc'
CCDEPMODE='depmode=gcc3'
CFLAGS='-g -O2'
CPP='gcc -E'
CPPFLAGS=''
CXX='g++'
CXXDEPMODE='depmode=gcc3'
CXXFLAGS='-g -O2'
CYGPATH_W='echo'
DEFS='-DPACKAGE_NAME=\"ddosim\" -DPACKAGE_TARNAME=\"ddosim\" -DPACKAGE_VERSION=\"0.2\" -DPACKAGE_STRING=\"ddosim\ 0.2\" -DPACKAGE_BUGREPORT=\"adif2k8@gmail.com\" -DPACKAGE=\"ddosim\" -DVERSION=\"0.2\" -DHAVE_LIBPCAP=1 -DHAVE_LIBPTHREAD=1 -DHAVE_LIBNET=1 -DSTDC_HEADERS=1 -DHAVE_SYS_TYPES_H=1 -DHAVE_SYS_STAT_H=1 -DHAVE_STDLIB_H=1 -DHAVE_STRING_H=1 -DHAVE_MEMORY_H=1 -DHAVE_STRINGS_H=1 -DHAVE_INTTYPES_H=1 -DHAVE_STDINT_H=1 -DHAVE_UNISTD_H=1 -DHAVE_ARPA_INET_H=1 -DHAVE_STRING_H=1 -DHAVE__BOOL=1 -DHAVE_STDBOOL_H=1 -DHAVE_GETHOSTBYNAME=1 -DHAVE_INET_NTOA=1 -DHAVE_MEMSET=1 -DHAVE_STRERROR=1'
DEPDIR='.deps'
ECHO_C=''
ECHO_N='-n'
ECHO_T=''
EGREP='/usr/bin/grep -E'
EXEEXT=''
GREP='/usr/bin/grep'
INSTALL_DATA='${INSTALL} -m 644'
INSTALL_PROGRAM='${INSTALL}'
INSTALL_SCRIPT='${INSTALL}'
INSTALL_STRIP_PROGRAM='$(install_sh) -c -s'
LDFLAGS=''
LIBOBJS=''
LIBS='-lnet -lpthread -lpcap '
LTLIBOBJS=''
MAKEINFO='${SHELL} /media/root/OSINT/ddosim-0.2/missing --run makeinfo'
OBJEXT='o'
PACKAGE='ddosim'
PACKAGE_BUGREPORT='adif2k8@gmail.com'
PACKAGE_NAME='ddosim'
PACKAGE_STRING='ddosim 0.2'
PACKAGE_TARNAME='ddosim'
PACKAGE_VERSION='0.2'
PATH_SEPARATOR=':'
SET_MAKE=''
SHELL='/bin/bash'
STRIP=''
VERSION='0.2'
ac_ct_CC='gcc'
ac_ct_CXX='g++'
am__fastdepCC_FALSE='#'
am__fastdepCC_TRUE=''
am__fastdepCXX_FALSE='#'
am__fastdepCXX_TRUE=''
am__include='include'
am__isrc=''
am__leading_dot='.'
am__quote=''
am__tar='${AMTAR} chof - "$$tardir"'
am__untar='${AMTAR} xf -'
bindir='${exec_prefix}/bin'
build_alias=''
datadir='${datarootdir}'
datarootdir='${prefix}/share'
docdir='${datarootdir}/doc/${PACKAGE_TARNAME}'
dvidir='${docdir}'
exec_prefix='${prefix}'
host_alias=''
htmldir='${docdir}'
includedir='${prefix}/include'
infodir='${datarootdir}/info'
install_sh='$(SHELL) /media/root/OSINT/ddosim-0.2/install-sh'
libdir='${exec_prefix}/lib'
libexecdir='${exec_prefix}/libexec'
localedir='${datarootdir}/locale'
localstatedir='${prefix}/var'
mandir='${datarootdir}/man'
mkdir_p='/usr/bin/mkdir -p'
oldincludedir='/usr/include'
pdfdir='${docdir}'
prefix='/usr/local'
program_transform_name='s,x,x,'
psdir='${docdir}'
sbindir='${exec_prefix}/sbin'
sharedstatedir='${prefix}/com'
sysconfdir='${prefix}/etc'
target_alias=''

## ----------- ##
## confdefs.h. ##
## ----------- ##

#define PACKAGE_NAME "ddosim"
#define PACKAGE_TARNAME "ddosim"
#define PACKAGE_VERSION "0.2"
#define PACKAGE_STRING "ddosim 0.2"
#define PACKAGE_BUGREPORT "adif2k8@gmail.com"
#define PACKAGE "ddosim"
#define VERSION "0.2"
#define HAVE_LIBPCAP 1
#define HAVE_LIBPTHREAD 1
#define HAVE_LIBNET 1
#define STDC_HEADERS 1
#define HAVE_SYS_TYPES_H 1
#define HAVE_SYS_STAT_H 1
#define HAVE_STDLIB_H 1
#define HAVE_STRING_H 1
#define HAVE_MEMORY_H 1
#define HAVE_STRINGS_H 1
#define HAVE_INTTYPES_H 1
#define HAVE_STDINT_H 1
#define HAVE_UNISTD_H 1
#define HAVE_ARPA_INET_H 1
#define HAVE_STRING_H 1
#define HAVE__BOOL 1
#define HAVE_STDBOOL_H 1
#define HAVE_GETHOSTBYNAME 1
#define HAVE_INET_NTOA 1
#define HAVE_MEMSET 1
#define HAVE_STRERROR 1

configure: exit 0
